E:\OPENCV PROJECT\CV_CHANGE_IMG_SIZE\CV_CHANGE_IMG_SIZE\DEBUG\CV_CHANGE_IMG_SIZE.OBJ
E:\OPENCV PROJECT\CV_CHANGE_IMG_SIZE\CV_CHANGE_IMG_SIZE\DEBUG\VC110.PDB
E:\OPENCV PROJECT\CV_CHANGE_IMG_SIZE\DEBUG\CV_CHANGE_IMG_SIZE.ILK
E:\OPENCV PROJECT\CV_CHANGE_IMG_SIZE\DEBUG\CV_CHANGE_IMG_SIZE.EXE
E:\OPENCV PROJECT\CV_CHANGE_IMG_SIZE\DEBUG\CV_CHANGE_IMG_SIZE.PDB
E:\opencv project\cv_change_img_size\cv_change_img_size\Debug\cv_change_img_size.obj
E:\opencv project\cv_change_img_size\cv_change_img_size\Debug\cl.command.1.tlog
E:\opencv project\cv_change_img_size\cv_change_img_size\Debug\CL.read.1.tlog
E:\opencv project\cv_change_img_size\cv_change_img_size\Debug\CL.write.1.tlog
E:\opencv project\cv_change_img_size\cv_change_img_size\Debug\link-cvtres.read.1.tlog
E:\opencv project\cv_change_img_size\cv_change_img_size\Debug\link-cvtres.write.1.tlog
E:\opencv project\cv_change_img_size\cv_change_img_size\Debug\link-rc.read.1.tlog
E:\opencv project\cv_change_img_size\cv_change_img_size\Debug\link-rc.write.1.tlog
E:\opencv project\cv_change_img_size\cv_change_img_size\Debug\link.command.1.tlog
E:\opencv project\cv_change_img_size\cv_change_img_size\Debug\link.read.1.tlog
E:\opencv project\cv_change_img_size\cv_change_img_size\Debug\link.write.1.tlog
E:\opencv project\cv_change_img_size\cv_change_img_size\Debug\vc110.idb
E:\opencv project\cv_change_img_size\cv_change_img_size\Debug\vc110.pdb
E:\opencv project\cv_change_img_size\Debug\cv_change_img_size.pdb
E:\opencv project\cv_change_img_size\Debug\cv_change_img_size.exe
E:\opencv project\cv_change_img_size\Debug\cv_change_img_size.ilk
